{
  "RSpec": {
    "coverage": {
      "/Users/aliyamerali/Turing/3Mod/projects/rails-engine/app/models/item.rb": {
        "lines": [
          1,
          1,
          1,
          1,
          null,
          1,
          1,
          1,
          null,
          1,
          5,
          3,
          3,
          3,
          null,
          2,
          null,
          null,
          null
        ]
      },
      "/Users/aliyamerali/Turing/3Mod/projects/rails-engine/app/models/application_record.rb": {
        "lines": [
          1,
          1,
          null,
          1,
          3,
          3,
          null,
          null,
          null
        ]
      },
      "/Users/aliyamerali/Turing/3Mod/projects/rails-engine/app/models/invoice_item.rb": {
        "lines": [
          1,
          1,
          1,
          null
        ]
      },
      "/Users/aliyamerali/Turing/3Mod/projects/rails-engine/app/models/invoice.rb": {
        "lines": [
          1,
          1,
          1,
          1,
          null,
          1,
          1,
          null
        ]
      },
      "/Users/aliyamerali/Turing/3Mod/projects/rails-engine/app/models/merchant.rb": {
        "lines": [
          1,
          1,
          1,
          null,
          1,
          0,
          null,
          null,
          null,
          null
        ]
      }
    },
    "timestamp": 1626732067
  }
}
